<?xml version="1.0" encoding="UTF-8"?>
<robot generator="Robot 4.0.1 (Python 3.7.7 on darwin)" generated="20210421 19:04:17.690" rpa="false" schemaversion="2">
<suite id="s1" name="Hello" source="/Users/xrexonx/Projects/waiter/waiter-test/Hello.robot">
<test id="s1-t1" name="Landing page">
<kw name="Log" library="BuiltIn">
<arg>Hello World Robot</arg>
<doc>Logs the given message with the given level.</doc>
<msg timestamp="20210421 19:04:17.718" level="INFO">Hello World Robot</msg>
<status status="PASS" starttime="20210421 19:04:17.718" endtime="20210421 19:04:17.718"/>
</kw>
<doc>Hello world setup</doc>
<status status="PASS" starttime="20210421 19:04:17.717" endtime="20210421 19:04:17.718"/>
</test>
<doc>Hello Robot Suites</doc>
<status status="PASS" starttime="20210421 19:04:17.693" endtime="20210421 19:04:17.718"/>
</suite>
<statistics>
<total>
<stat pass="1" fail="0" skip="0">All Tests</stat>
</total>
<tag>
</tag>
<suite>
<stat pass="1" fail="0" skip="0" id="s1" name="Hello">Hello</stat>
</suite>
</statistics>
<errors>
<msg timestamp="20210421 19:04:17.716" level="ERROR">Error in file '/Users/xrexonx/Projects/waiter/waiter-test/Hello.robot' on line 3: Replacing variables from setting 'Variables' failed: Variable '${HELLO}' not found.</msg>
</errors>
</robot>
